Start testing: Oct 01 19:54 Central Daylight Time
----------------------------------------------------------
1/2 Testing: tournament-selection invoked
1/2 Test: tournament-selection invoked
Command: "C:/Users/Shane/github/Galapagos/build/Tests/Debug/tests.exe" "tournament-selection invoked"
Directory: C:/Users/Shane/github/Galapagos/build/Tests
"tournament-selection invoked" start time: Oct 01 19:54 Central Daylight Time
Output:
----------------------------------------------------------
Filters: tournament-selection invoked
===============================================================================
All tests passed (1 assertion in 1 test case)

<end of output>
Test time =   0.02 sec
----------------------------------------------------------
Test Passed.
"tournament-selection invoked" end time: Oct 01 19:54 Central Daylight Time
"tournament-selection invoked" time elapsed: 00:00:00
----------------------------------------------------------

2/2 Testing: fitness-threshold invoked
2/2 Test: fitness-threshold invoked
Command: "C:/Users/Shane/github/Galapagos/build/Tests/Debug/tests.exe" "fitness-threshold invoked"
Directory: C:/Users/Shane/github/Galapagos/build/Tests
"fitness-threshold invoked" start time: Oct 01 19:54 Central Daylight Time
Output:
----------------------------------------------------------
Filters: fitness-threshold invoked
===============================================================================
All tests passed (3 assertions in 1 test case)

<end of output>
Test time =   0.03 sec
----------------------------------------------------------
Test Passed.
"fitness-threshold invoked" end time: Oct 01 19:54 Central Daylight Time
"fitness-threshold invoked" time elapsed: 00:00:00
----------------------------------------------------------

End testing: Oct 01 19:54 Central Daylight Time
